milanezmilaneze/mmtv/SyncScreen/app/build/intermediates/manifest_merge_blame_file/debug/processDebugMainManifest/manifest-merger-blame-debug-report.txt
1<?xml version="1.0" encoding="utf-8"?>
2<manifest xmlns:android="http://schemas.android.com/apk/res/android"
3    package="com.example.syncscreen"
4    android:versionCode="1"
5    android:versionName="1.0" >
6
7    <uses-sdk
7-->INJECTED
8        android:minSdkVersion="21"
8-->INJECTED
9        android:targetSdkVersion="36" />
9-->INJECTED
10
11    <uses-permission android:name="android.permission.INTERNET" />
11-->src\main\AndroidManifest.xml:5:5-67
11-->src\main\AndroidManifest.xml:5:22-64
12    <uses-permission android:name="android.permission.RECEIVE_BOOT_COMPLETED" />
12-->src\main\AndroidManifest.xml:6:5-81
12-->src\main\AndroidManifest.xml:6:22-78
13    <uses-permission android:name="android.permission.ACCESS_NETWORK_STATE" />
13-->src\main\AndroidManifest.xml:7:5-79
13-->src\main\AndroidManifest.xml:7:22-76
14
15    <uses-feature
15-->src\main\AndroidManifest.xml:9:5-11:36
16        android:name="android.hardware.touchscreen"
16-->src\main\AndroidManifest.xml:10:9-52
17        android:required="false" />
17-->src\main\AndroidManifest.xml:11:9-33
18    <!-- false: permite instalação em set-top boxes genéricos que não reportam Leanback -->
19    <uses-feature
19-->src\main\AndroidManifest.xml:13:5-15:36
20        android:name="android.software.leanback"
20-->src\main\AndroidManifest.xml:14:9-49
21        android:required="false" />
21-->src\main\AndroidManifest.xml:15:9-33
22
23    <permission
23-->[androidx.core:core:1.10.1] AndroidManifest.xml:22:5-24:47
24        android:name="com.example.syncscreen.DYNAMIC_RECEIVER_NOT_EXPORTED_PERMISSION"
24-->[androidx.core:core:1.10.1] AndroidManifest.xml:23:9-81
25        android:protectionLevel="signature" />
25-->[androidx.core:core:1.10.1] AndroidManifest.xml:24:9-44
26
27    <uses-permission android:name="com.example.syncscreen.DYNAMIC_RECEIVER_NOT_EXPORTED_PERMISSION" />
27-->[androidx.core:core:1.10.1] AndroidManifest.xml:26:5-97
27-->[androidx.core:core:1.10.1] AndroidManifest.xml:26:22-94
28
29    <application
29-->src\main\AndroidManifest.xml:17:5-62:19
30        android:allowBackup="true"
30-->src\main\AndroidManifest.xml:18:9-35
31        android:appComponentFactory="androidx.core.app.CoreComponentFactory"
31-->[androidx.core:core:1.10.1] AndroidManifest.xml:28:18-86
32        android:debuggable="true"
33        android:extractNativeLibs="true"
33-->INJECTED
34        android:icon="@mipmap/ic_launcher"
34-->src\main\AndroidManifest.xml:19:9-43
35        android:label="@string/app_name"
35-->src\main\AndroidManifest.xml:20:9-41
36        android:supportsRtl="true"
36-->src\main\AndroidManifest.xml:21:9-35
37        android:testOnly="true"
38        android:theme="@style/Theme.SyncScreen"
38-->src\main\AndroidManifest.xml:22:9-48
39        android:usesCleartextTraffic="true" >
39-->src\main\AndroidManifest.xml:23:9-44
40
41        <!-- Activity principal: roteador invisível -->
42        <activity
42-->src\main\AndroidManifest.xml:26:9-41:20
43            android:name="com.example.syncscreen.MainActivity"
43-->src\main\AndroidManifest.xml:27:13-41
44            android:banner="@drawable/app_icon_your_company"
44-->src\main\AndroidManifest.xml:28:13-61
45            android:exported="true"
45-->src\main\AndroidManifest.xml:29:13-36
46            android:icon="@drawable/app_icon_your_company"
46-->src\main\AndroidManifest.xml:30:13-59
47            android:label="@string/app_name"
47-->src\main\AndroidManifest.xml:31:13-45
48            android:logo="@drawable/app_icon_your_company"
48-->src\main\AndroidManifest.xml:32:13-59
49            android:screenOrientation="landscape" >
49-->src\main\AndroidManifest.xml:33:13-50
50            <intent-filter>
50-->src\main\AndroidManifest.xml:34:13-40:29
51                <action android:name="android.intent.action.MAIN" />
51-->src\main\AndroidManifest.xml:35:17-69
51-->src\main\AndroidManifest.xml:35:25-66
52                <!-- LEANBACK_LAUNCHER: Android TV nativo -->
53                <category android:name="android.intent.category.LEANBACK_LAUNCHER" />
53-->src\main\AndroidManifest.xml:37:17-86
53-->src\main\AndroidManifest.xml:37:27-83
54                <!-- LAUNCHER: set-top boxes genéricos, tablets em modo TV, Fire Stick -->
55                <category android:name="android.intent.category.LAUNCHER" />
55-->src\main\AndroidManifest.xml:39:17-77
55-->src\main\AndroidManifest.xml:39:27-74
56            </intent-filter>
57        </activity>
58        <activity
58-->src\main\AndroidManifest.xml:43:9-46:47
59            android:name="com.example.syncscreen.SlideshowActivity"
59-->src\main\AndroidManifest.xml:44:13-46
60            android:launchMode="singleTask"
60-->src\main\AndroidManifest.xml:46:13-44
61            android:screenOrientation="landscape" />
61-->src\main\AndroidManifest.xml:45:13-50
62        <activity
62-->src\main\AndroidManifest.xml:48:9-51:47
63            android:name="com.example.syncscreen.WebViewActivity"
63-->src\main\AndroidManifest.xml:49:13-44
64            android:launchMode="singleTask"
64-->src\main\AndroidManifest.xml:51:13-44
65            android:screenOrientation="landscape" />
65-->src\main\AndroidManifest.xml:50:13-50
66
67        <!-- Inicia o app automaticamente após o boot da TV -->
68        <receiver
68-->src\main\AndroidManifest.xml:54:9-60:20
69            android:name="com.example.syncscreen.BootReceiver"
69-->src\main\AndroidManifest.xml:55:13-41
70            android:exported="true" >
70-->src\main\AndroidManifest.xml:56:13-36
71            <intent-filter>
71-->src\main\AndroidManifest.xml:57:13-59:29
72                <action android:name="android.intent.action.BOOT_COMPLETED" />
72-->src\main\AndroidManifest.xml:58:17-79
72-->src\main\AndroidManifest.xml:58:25-76
73            </intent-filter>
74        </receiver>
75
76        <provider
76-->[androidx.profileinstaller:profileinstaller:1.4.0] AndroidManifest.xml:24:9-32:20
77            android:name="androidx.startup.InitializationProvider"
77-->[androidx.profileinstaller:profileinstaller:1.4.0] AndroidManifest.xml:25:13-67
78            android:authorities="com.example.syncscreen.androidx-startup"
78-->[androidx.profileinstaller:profileinstaller:1.4.0] AndroidManifest.xml:26:13-68
79            android:exported="false" >
79-->[androidx.profileinstaller:profileinstaller:1.4.0] AndroidManifest.xml:27:13-37
80            <meta-data
80-->[androidx.profileinstaller:profileinstaller:1.4.0] AndroidManifest.xml:29:13-31:52
81                android:name="androidx.profileinstaller.ProfileInstallerInitializer"
81-->[androidx.profileinstaller:profileinstaller:1.4.0] AndroidManifest.xml:30:17-85
82                android:value="androidx.startup" />
82-->[androidx.profileinstaller:profileinstaller:1.4.0] AndroidManifest.xml:31:17-49
83        </provider>
84
85        <receiver
85-->[androidx.profileinstaller:profileinstaller:1.4.0] AndroidManifest.xml:34:9-52:20
86            android:name="androidx.profileinstaller.ProfileInstallReceiver"
86-->[androidx.profileinstaller:profileinstaller:1.4.0] AndroidManifest.xml:35:13-76
87            android:directBootAware="false"
87-->[androidx.profileinstaller:profileinstaller:1.4.0] AndroidManifest.xml:36:13-44
88            android:enabled="true"
88-->[androidx.profileinstaller:profileinstaller:1.4.0] AndroidManifest.xml:37:13-35
89            android:exported="true"
89-->[androidx.profileinstaller:profileinstaller:1.4.0] AndroidManifest.xml:38:13-36
90            android:permission="android.permission.DUMP" >
90-->[androidx.profileinstaller:profileinstaller:1.4.0] AndroidManifest.xml:39:13-57
91            <intent-filter>
91-->[androidx.profileinstaller:profileinstaller:1.4.0] AndroidManifest.xml:40:13-42:29
92                <action android:name="androidx.profileinstaller.action.INSTALL_PROFILE" />
92-->[androidx.profileinstaller:profileinstaller:1.4.0] AndroidManifest.xml:41:17-91
92-->[androidx.profileinstaller:profileinstaller:1.4.0] AndroidManifest.xml:41:25-88
93            </intent-filter>
94            <intent-filter>
94-->[androidx.profileinstaller:profileinstaller:1.4.0] AndroidManifest.xml:43:13-45:29
95                <action android:name="androidx.profileinstaller.action.SKIP_FILE" />
95-->[androidx.profileinstaller:profileinstaller:1.4.0] AndroidManifest.xml:44:17-85
95-->[androidx.profileinstaller:profileinstaller:1.4.0] AndroidManifest.xml:44:25-82
96            </intent-filter>
97            <intent-filter>
97-->[androidx.profileinstaller:profileinstaller:1.4.0] AndroidManifest.xml:46:13-48:29
98                <action android:name="androidx.profileinstaller.action.SAVE_PROFILE" />
98-->[androidx.profileinstaller:profileinstaller:1.4.0] AndroidManifest.xml:47:17-88
98-->[androidx.profileinstaller:profileinstaller:1.4.0] AndroidManifest.xml:47:25-85
99            </intent-filter>
100            <intent-filter>
100-->[androidx.profileinstaller:profileinstaller:1.4.0] AndroidManifest.xml:49:13-51:29
101                <action android:name="androidx.profileinstaller.action.BENCHMARK_OPERATION" />
101-->[androidx.profileinstaller:profileinstaller:1.4.0] AndroidManifest.xml:50:17-95
101-->[androidx.profileinstaller:profileinstaller:1.4.0] AndroidManifest.xml:50:25-92
102            </intent-filter>
103        </receiver>
104    </application>
105
106</manifest>